

============================== 2022-11-04 14:09:50.244050 | f5fb1022-ecc8-4392-9eed-53b31d5b920b ==============================
[0m14:09:50.244061 [info ] [MainThread]: Running with dbt=1.3.0
[0m14:09:50.245268 [debug] [MainThread]: running dbt with arguments {'write_json': True, 'use_colors': True, 'printer_width': 80, 'version_check': True, 'partial_parse': True, 'static_parser': True, 'profiles_dir': '/home/gunther/.dbt', 'send_anonymous_usage_stats': True, 'event_buffer_size': 100000, 'quiet': False, 'no_print': False, 'project_name': 'dh_datastack', 'skip_profile_setup': False, 'which': 'init', 'indirect_selection': 'eager'}
[0m14:09:50.245413 [debug] [MainThread]: Tracking: tracking
[0m14:09:50.246608 [debug] [MainThread]: Sending event: {'category': 'dbt', 'action': 'invocation', 'label': 'start', 'context': [<snowplow_tracker.self_describing_json.SelfDescribingJson object at 0x7f77487df7c0>, <snowplow_tracker.self_describing_json.SelfDescribingJson object at 0x7f77487df010>, <snowplow_tracker.self_describing_json.SelfDescribingJson object at 0x7f77487df1c0>]}
[0m14:09:50.247233 [debug] [MainThread]: Starter project path: /usr/local/lib/python3.10/dist-packages/dbt/include/starter_project
[0m14:13:03.619837 [info ] [MainThread]: Profile dh_datastack written to /home/gunther/.dbt/profiles.yml using target's profile_template.yml and your supplied values. Run 'dbt debug' to validate the connection.
[0m14:13:03.620142 [info ] [MainThread]: 
Your new dbt project "dh_datastack" was created!

For more information on how to configure the profiles.yml file,
please consult the dbt documentation here:

  https://docs.getdbt.com/docs/configure-your-profile

One more thing:

Need help? Don't hesitate to reach out to us via GitHub issues or on Slack:

  https://community.getdbt.com/

Happy modeling!

[0m14:13:03.620415 [debug] [MainThread]: Sending event: {'category': 'dbt', 'action': 'invocation', 'label': 'end', 'context': [<snowplow_tracker.self_describing_json.SelfDescribingJson object at 0x7f77487de320>, <snowplow_tracker.self_describing_json.SelfDescribingJson object at 0x7f77487df820>, <snowplow_tracker.self_describing_json.SelfDescribingJson object at 0x7f77487deec0>]}
[0m14:13:03.620607 [debug] [MainThread]: Flushing usage events


============================== 2022-11-15 13:47:16.455483 | 29633cdf-5055-4240-8716-be5763864343 ==============================
[0m13:47:16.455492 [info ] [MainThread]: Running with dbt=1.3.0
[0m13:47:16.456258 [debug] [MainThread]: running dbt with arguments {'write_json': True, 'use_colors': True, 'printer_width': 80, 'version_check': True, 'partial_parse': True, 'static_parser': True, 'profiles_dir': '/home/gunther/dh_datastack_dbt/.dbt', 'send_anonymous_usage_stats': True, 'event_buffer_size': 100000, 'quiet': False, 'no_print': False, 'config_dir': True, 'which': 'debug', 'indirect_selection': 'eager'}
[0m13:47:16.456357 [debug] [MainThread]: Tracking: tracking
[0m13:47:16.459082 [debug] [MainThread]: Sending event: {'category': 'dbt', 'action': 'invocation', 'label': 'start', 'context': [<snowplow_tracker.self_describing_json.SelfDescribingJson object at 0x7f69355e9450>, <snowplow_tracker.self_describing_json.SelfDescribingJson object at 0x7f69355e8f10>, <snowplow_tracker.self_describing_json.SelfDescribingJson object at 0x7f69355e8d60>]}
[0m13:47:16.459351 [info ] [MainThread]: To view your profiles.yml file, run:

xdg-open /home/gunther/dh_datastack_dbt/.dbt
[0m13:47:16.460061 [debug] [MainThread]: Sending event: {'category': 'dbt', 'action': 'invocation', 'label': 'end', 'context': [<snowplow_tracker.self_describing_json.SelfDescribingJson object at 0x7f69355e8f10>, <snowplow_tracker.self_describing_json.SelfDescribingJson object at 0x7f69355e8d60>, <snowplow_tracker.self_describing_json.SelfDescribingJson object at 0x7f69355e9900>]}
[0m13:47:16.460194 [debug] [MainThread]: Flushing usage events


============================== 2022-12-05 13:03:42.205575 | e32a086c-fc7a-45f8-8599-227f87e4afa0 ==============================
[0m13:03:42.205594 [info ] [MainThread]: Running with dbt=1.3.0
[0m13:03:42.208868 [debug] [MainThread]: running dbt with arguments {'write_json': True, 'use_colors': True, 'printer_width': 80, 'version_check': True, 'partial_parse': True, 'static_parser': True, 'profiles_dir': '/home/gunther/dh_datastack_dbt/.dbt', 'send_anonymous_usage_stats': True, 'event_buffer_size': 100000, 'quiet': False, 'no_print': False, 'project_name': 'dh_datastack_mdm', 'skip_profile_setup': False, 'which': 'init', 'indirect_selection': 'eager'}
[0m13:03:42.209106 [debug] [MainThread]: Tracking: tracking
[0m13:03:42.213285 [debug] [MainThread]: Sending event: {'category': 'dbt', 'action': 'invocation', 'label': 'start', 'context': [<snowplow_tracker.self_describing_json.SelfDescribingJson object at 0x7fe0c81ec550>, <snowplow_tracker.self_describing_json.SelfDescribingJson object at 0x7fe0c81ecd90>, <snowplow_tracker.self_describing_json.SelfDescribingJson object at 0x7fe0c81ec970>]}
[0m13:03:42.214203 [debug] [MainThread]: Starter project path: /usr/local/lib/python3.10/dist-packages/dbt/include/starter_project
[0m13:05:44.934254 [info ] [MainThread]: Profile dh_datastack_mdm written to /home/gunther/dh_datastack_dbt/.dbt/profiles.yml using target's profile_template.yml and your supplied values. Run 'dbt debug' to validate the connection.
[0m13:05:44.935576 [info ] [MainThread]: 
Your new dbt project "dh_datastack_mdm" was created!

For more information on how to configure the profiles.yml file,
please consult the dbt documentation here:

  https://docs.getdbt.com/docs/configure-your-profile

One more thing:

Need help? Don't hesitate to reach out to us via GitHub issues or on Slack:

  https://community.getdbt.com/

Happy modeling!

[0m13:05:44.937157 [debug] [MainThread]: Sending event: {'category': 'dbt', 'action': 'invocation', 'label': 'end', 'context': [<snowplow_tracker.self_describing_json.SelfDescribingJson object at 0x7fe0c81efe50>, <snowplow_tracker.self_describing_json.SelfDescribingJson object at 0x7fe0c81efe80>, <snowplow_tracker.self_describing_json.SelfDescribingJson object at 0x7fe0c81efeb0>]}
[0m13:05:44.937476 [debug] [MainThread]: Flushing usage events


============================== 2022-12-05 13:05:59.784917 | 2ea73fc5-5b60-49a8-a9c7-77b9b93ee561 ==============================
[0m13:05:59.784933 [info ] [MainThread]: Running with dbt=1.3.0
[0m13:05:59.786359 [debug] [MainThread]: running dbt with arguments {'write_json': True, 'use_colors': True, 'printer_width': 80, 'version_check': True, 'partial_parse': True, 'static_parser': True, 'profiles_dir': '/home/gunther/dh_datastack_dbt/.dbt', 'send_anonymous_usage_stats': True, 'event_buffer_size': 100000, 'quiet': False, 'no_print': False, 'project_name': 'dh_datastack_sales', 'skip_profile_setup': False, 'which': 'init', 'indirect_selection': 'eager'}
[0m13:05:59.786520 [debug] [MainThread]: Tracking: tracking
[0m13:05:59.788145 [debug] [MainThread]: Sending event: {'category': 'dbt', 'action': 'invocation', 'label': 'start', 'context': [<snowplow_tracker.self_describing_json.SelfDescribingJson object at 0x7f08723ec640>, <snowplow_tracker.self_describing_json.SelfDescribingJson object at 0x7f08723ed900>, <snowplow_tracker.self_describing_json.SelfDescribingJson object at 0x7f08723ecf10>]}
[0m13:05:59.788897 [debug] [MainThread]: Starter project path: /usr/local/lib/python3.10/dist-packages/dbt/include/starter_project
[0m13:06:42.881257 [debug] [MainThread]: Sending event: {'category': 'dbt', 'action': 'invocation', 'label': 'end', 'context': [<snowplow_tracker.self_describing_json.SelfDescribingJson object at 0x7f0871362e60>, <snowplow_tracker.self_describing_json.SelfDescribingJson object at 0x7f0871363490>, <snowplow_tracker.self_describing_json.SelfDescribingJson object at 0x7f08713624d0>]}
[0m13:06:42.881616 [debug] [MainThread]: Flushing usage events
[0m13:06:43.297880 [error] [MainThread]: Encountered an error:

[0m13:06:43.301989 [error] [MainThread]: Traceback (most recent call last):
  File "/usr/local/lib/python3.10/dist-packages/dbt/main.py", line 135, in main
    results, succeeded = handle_and_check(args)
  File "/usr/local/lib/python3.10/dist-packages/dbt/main.py", line 198, in handle_and_check
    task, res = run_from_args(parsed)
  File "/usr/local/lib/python3.10/dist-packages/dbt/main.py", line 245, in run_from_args
    results = task.run()
  File "/usr/local/lib/python3.10/dist-packages/dbt/task/init.py", line 332, in run
    self.create_profile_from_target(adapter, profile_name=project_name)
  File "/usr/local/lib/python3.10/dist-packages/dbt/task/init.py", line 207, in create_profile_from_target
    self.create_profile_from_profile_template(profile_template, profile_name)
  File "/usr/local/lib/python3.10/dist-packages/dbt/task/init.py", line 191, in create_profile_from_profile_template
    target = self.generate_target_from_input(prompts, initial_target)
  File "/usr/local/lib/python3.10/dist-packages/dbt/task/init.py", line 157, in generate_target_from_input
    target[key] = click.prompt(
  File "/usr/lib/python3/dist-packages/click/termui.py", line 168, in prompt
    value = prompt_func(prompt)
  File "/usr/lib/python3/dist-packages/click/termui.py", line 150, in prompt_func
    raise Abort() from None
click.exceptions.Abort



============================== 2022-12-05 13:06:48.191500 | e24248fd-5d98-4fff-8ca7-0b146ccd8ab5 ==============================
[0m13:06:48.191513 [info ] [MainThread]: Running with dbt=1.3.0
[0m13:06:48.192317 [debug] [MainThread]: running dbt with arguments {'write_json': True, 'use_colors': True, 'printer_width': 80, 'version_check': True, 'partial_parse': True, 'static_parser': True, 'profiles_dir': '/home/gunther/dh_datastack_dbt/.dbt', 'send_anonymous_usage_stats': True, 'event_buffer_size': 100000, 'quiet': False, 'no_print': False, 'project_name': 'dh_datastack_sales', 'skip_profile_setup': False, 'which': 'init', 'indirect_selection': 'eager'}
[0m13:06:48.192426 [debug] [MainThread]: Tracking: tracking
[0m13:06:48.193626 [debug] [MainThread]: Sending event: {'category': 'dbt', 'action': 'invocation', 'label': 'start', 'context': [<snowplow_tracker.self_describing_json.SelfDescribingJson object at 0x7f5ec6dd0670>, <snowplow_tracker.self_describing_json.SelfDescribingJson object at 0x7f5ec6dd1930>, <snowplow_tracker.self_describing_json.SelfDescribingJson object at 0x7f5ec6dd0f40>]}
[0m13:06:48.194209 [info ] [MainThread]: A project called dh_datastack_sales already exists here.
[0m13:06:48.194984 [debug] [MainThread]: Sending event: {'category': 'dbt', 'action': 'invocation', 'label': 'end', 'context': [<snowplow_tracker.self_describing_json.SelfDescribingJson object at 0x7f5ec6dd19f0>, <snowplow_tracker.self_describing_json.SelfDescribingJson object at 0x7f5ec6dd0d90>, <snowplow_tracker.self_describing_json.SelfDescribingJson object at 0x7f5ec6dd1930>]}
[0m13:06:48.195131 [debug] [MainThread]: Flushing usage events


============================== 2022-12-05 13:07:06.342030 | b78974f9-e63d-47f9-92da-ae7096570c1d ==============================
[0m13:07:06.342043 [info ] [MainThread]: Running with dbt=1.3.0
[0m13:07:06.343096 [debug] [MainThread]: running dbt with arguments {'write_json': True, 'use_colors': True, 'printer_width': 80, 'version_check': True, 'partial_parse': True, 'static_parser': True, 'profiles_dir': '/home/gunther/dh_datastack_dbt/.dbt', 'send_anonymous_usage_stats': True, 'event_buffer_size': 100000, 'quiet': False, 'no_print': False, 'project_name': 'dh_datastack_sales', 'skip_profile_setup': False, 'which': 'init', 'indirect_selection': 'eager'}
[0m13:07:06.343209 [debug] [MainThread]: Tracking: tracking
[0m13:07:06.344510 [debug] [MainThread]: Sending event: {'category': 'dbt', 'action': 'invocation', 'label': 'start', 'context': [<snowplow_tracker.self_describing_json.SelfDescribingJson object at 0x7fdef0fc86a0>, <snowplow_tracker.self_describing_json.SelfDescribingJson object at 0x7fdef0fc9960>, <snowplow_tracker.self_describing_json.SelfDescribingJson object at 0x7fdef0fc8f70>]}
[0m13:07:06.345095 [debug] [MainThread]: Starter project path: /usr/local/lib/python3.10/dist-packages/dbt/include/starter_project
[0m13:07:48.873728 [info ] [MainThread]: Profile dh_datastack_sales written to /home/gunther/dh_datastack_dbt/.dbt/profiles.yml using target's profile_template.yml and your supplied values. Run 'dbt debug' to validate the connection.
[0m13:07:48.874756 [info ] [MainThread]: 
Your new dbt project "dh_datastack_sales" was created!

For more information on how to configure the profiles.yml file,
please consult the dbt documentation here:

  https://docs.getdbt.com/docs/configure-your-profile

One more thing:

Need help? Don't hesitate to reach out to us via GitHub issues or on Slack:

  https://community.getdbt.com/

Happy modeling!

[0m13:07:48.878207 [debug] [MainThread]: Sending event: {'category': 'dbt', 'action': 'invocation', 'label': 'end', 'context': [<snowplow_tracker.self_describing_json.SelfDescribingJson object at 0x7fdef0fcbeb0>, <snowplow_tracker.self_describing_json.SelfDescribingJson object at 0x7fdef0fcbee0>, <snowplow_tracker.self_describing_json.SelfDescribingJson object at 0x7fdef0fcbf10>]}
[0m13:07:48.878634 [debug] [MainThread]: Flushing usage events


============================== 2022-12-05 13:07:56.489746 | fc948b3f-9bd3-4cc1-8d84-3da982140ac9 ==============================
[0m13:07:56.489760 [info ] [MainThread]: Running with dbt=1.3.0
[0m13:07:56.490661 [debug] [MainThread]: running dbt with arguments {'write_json': True, 'use_colors': True, 'printer_width': 80, 'version_check': True, 'partial_parse': True, 'static_parser': True, 'profiles_dir': '/home/gunther/dh_datastack_dbt/.dbt', 'send_anonymous_usage_stats': True, 'event_buffer_size': 100000, 'quiet': False, 'no_print': False, 'project_name': 'dh_datastack_marketing', 'skip_profile_setup': False, 'which': 'init', 'indirect_selection': 'eager'}
[0m13:07:56.490795 [debug] [MainThread]: Tracking: tracking
[0m13:07:56.492191 [debug] [MainThread]: Sending event: {'category': 'dbt', 'action': 'invocation', 'label': 'start', 'context': [<snowplow_tracker.self_describing_json.SelfDescribingJson object at 0x7faff31e0cd0>, <snowplow_tracker.self_describing_json.SelfDescribingJson object at 0x7faff31e10c0>, <snowplow_tracker.self_describing_json.SelfDescribingJson object at 0x7faff31e0f10>]}
[0m13:07:56.492867 [debug] [MainThread]: Starter project path: /usr/local/lib/python3.10/dist-packages/dbt/include/starter_project
[0m13:08:41.132191 [info ] [MainThread]: Profile dh_datastack_marketing written to /home/gunther/dh_datastack_dbt/.dbt/profiles.yml using target's profile_template.yml and your supplied values. Run 'dbt debug' to validate the connection.
[0m13:08:41.133129 [info ] [MainThread]: 
Your new dbt project "dh_datastack_marketing" was created!

For more information on how to configure the profiles.yml file,
please consult the dbt documentation here:

  https://docs.getdbt.com/docs/configure-your-profile

One more thing:

Need help? Don't hesitate to reach out to us via GitHub issues or on Slack:

  https://community.getdbt.com/

Happy modeling!

[0m13:08:41.136826 [debug] [MainThread]: Sending event: {'category': 'dbt', 'action': 'invocation', 'label': 'end', 'context': [<snowplow_tracker.self_describing_json.SelfDescribingJson object at 0x7faff31e3e50>, <snowplow_tracker.self_describing_json.SelfDescribingJson object at 0x7faff31e3d00>, <snowplow_tracker.self_describing_json.SelfDescribingJson object at 0x7faff31e10c0>]}
[0m13:08:41.137240 [debug] [MainThread]: Flushing usage events
